<?xml version="1.0" encoding="UTF-8"?>
<testsuite name="FindLocationTest" tests="1" skipped="0" failures="0" errors="0" timestamp="2023-02-01T07:24:14" hostname="Hemas-MacBook-Pro.local" time="0.021">
  <properties/>
  <testcase name="shouldThrowErrorIfRoverCannotMoveFurther()" classname="FindLocationTest" time="0.021"/>
  <system-out><![CDATA[]]></system-out>
  <system-err><![CDATA[]]></system-err>
</testsuite>
